
**** Build of configuration Debug for project MPS430FR6989_C_Work ****

"C:\\ti\\ccs1031\\ccs\\utils\\bin\\gmake" -k -j 8 all -O 
 
Building file: "../main.c"
Invoking: MSP430 Compiler
"C:/ti/ccs1031/ccs/tools/compiler/ti-cgt-msp430_20.2.4.LTS/bin/cl430" -vmspx --data_model=restricted --use_hw_mpy=F5 --include_path="C:/ti/ccs1031/ccs/ccs_base/msp430/include" --include_path="C:/Users/yinti/workspace_v10/MPS430FR6989_C_Work" --include_path="C:/ti/ccs1031/ccs/tools/compiler/ti-cgt-msp430_20.2.4.LTS/include" --advice:power=all --advice:hw_config=all --define=__MSP430FR6989__ --define=_MPU_ENABLE -g --printf_support=minimal --diag_warning=225 --diag_wrap=off --display_error_number --silicon_errata=CPU21 --silicon_errata=CPU22 --silicon_errata=CPU40 --preproc_with_compile --preproc_dependency="main.d_raw"  "../main.c"
"../main.c", line 10: remark #1544-D: (ULP 13.1) Detected loop counting up. Recommend loops count down as detecting zeros is easier
"../main.c", line 10: remark #1527-D: (ULP 2.1) Detected SW delay loop using empty loop. Recommend using a timer module instead
Finished building: "../main.c"
 
Building target: "MPS430FR6989_C_Work.out"
Invoking: MSP430 Linker
"C:/ti/ccs1031/ccs/tools/compiler/ti-cgt-msp430_20.2.4.LTS/bin/cl430" -vmspx --data_model=restricted --use_hw_mpy=F5 --advice:power=all --advice:hw_config=all --define=__MSP430FR6989__ --define=_MPU_ENABLE -g --printf_support=minimal --diag_warning=225 --diag_wrap=off --display_error_number --silicon_errata=CPU21 --silicon_errata=CPU22 --silicon_errata=CPU40 -z -m"MPS430FR6989_C_Work.map" --heap_size=160 --stack_size=160 --cinit_hold_wdt=on -i"C:/ti/ccs1031/ccs/ccs_base/msp430/include" -i"C:/ti/ccs1031/ccs/ccs_base/msp430/lib/5xx_6xx_FRxx" -i"C:/ti/ccs1031/ccs/ccs_base/msp430/lib/FR59xx" -i"C:/ti/ccs1031/ccs/tools/compiler/ti-cgt-msp430_20.2.4.LTS/lib" -i"C:/ti/ccs1031/ccs/tools/compiler/ti-cgt-msp430_20.2.4.LTS/include" --priority --reread_libs --define=_MPU_ENABLE --diag_wrap=off --display_error_number --warn_sections --xml_link_info="MPS430FR6989_C_Work_linkInfo.xml" --use_hw_mpy=F5 --rom_model -o "MPS430FR6989_C_Work.out" "./main.obj" "../lnk_msp430fr6989.cmd"  -llibmpu_init.a -llibmath.a -llibc.a 
<Linking>
warning #10420-D: For FRAM devices, at start up, the GPIO power-on default high-impedance mode needs to be disabled to activate previously configured port settings. This can be done by clearing the LOCKLPM5 bit in PM5CTL0 register.
 
 undefined first referenced
remark #10371-D: (ULP 1.1) Detected no uses of low power mode state changing instructions
  symbol       in file     
remark #10372-D: (ULP 4.1) Detected uninitialized Port 2 in this project. Recommend initializing all unused ports to eliminate wasted current consumption on unused pins.
remark #10372-D: (ULP 4.1) Detected uninitialized Port 3 in this project. Recommend initializing all unused ports to eliminate wasted current consumption on unused pins.
 
>> Compilation failure
makefile:143: recipe for target 'MPS430FR6989_C_Work.out' failed
 --------- ----------------
 P1DIR     ./main.obj      
 P1OUT     ./main.obj      
 
error #10234-D: unresolved symbols remain
error #10010: errors encountered during linking; "MPS430FR6989_C_Work.out" not built
gmake[1]: *** [MPS430FR6989_C_Work.out] Error 1
gmake: *** [all] Error 2
makefile:139: recipe for target 'all' failed

**** Build Finished ****

**** Build of configuration Debug for project MPS430FR6989_C_Work ****

"C:\\ti\\ccs1031\\ccs\\utils\\bin\\gmake" -k -j 8 all -O 
 
Building file: "../main.c"
Invoking: MSP430 Compiler
"C:/ti/ccs1031/ccs/tools/compiler/ti-cgt-msp430_20.2.4.LTS/bin/cl430" -vmspx --data_model=restricted --use_hw_mpy=F5 --include_path="C:/ti/ccs1031/ccs/ccs_base/msp430/include" --include_path="C:/Users/yinti/workspace_v10/MPS430FR6989_C_Work" --include_path="C:/ti/ccs1031/ccs/tools/compiler/ti-cgt-msp430_20.2.4.LTS/include" --advice:power=all --advice:hw_config=all --define=__MSP430FR6989__ --define=_MPU_ENABLE -g --printf_support=minimal --diag_warning=225 --diag_wrap=off --display_error_number --silicon_errata=CPU21 --silicon_errata=CPU22 --silicon_errata=CPU40 --preproc_with_compile --preproc_dependency="main.d_raw"  "../main.c"
"../main.c", line 10: remark #1544-D: (ULP 13.1) Detected loop counting up. Recommend loops count down as detecting zeros is easier
"../main.c", line 10: remark #1527-D: (ULP 2.1) Detected SW delay loop using empty loop. Recommend using a timer module instead
Finished building: "../main.c"
 
Building target: "MPS430FR6989_C_Work.out"
Invoking: MSP430 Linker
"C:/ti/ccs1031/ccs/tools/compiler/ti-cgt-msp430_20.2.4.LTS/bin/cl430" -vmspx --data_model=restricted --use_hw_mpy=F5 --advice:power=all --advice:hw_config=all --define=__MSP430FR6989__ --define=_MPU_ENABLE -g --printf_support=minimal --diag_warning=225 --diag_wrap=off --display_error_number --silicon_errata=CPU21 --silicon_errata=CPU22 --silicon_errata=CPU40 -z -m"MPS430FR6989_C_Work.map" --heap_size=160 --stack_size=160 --cinit_hold_wdt=on -i"C:/ti/ccs1031/ccs/ccs_base/msp430/include" -i"C:/ti/ccs1031/ccs/ccs_base/msp430/lib/5xx_6xx_FRxx" -i"C:/ti/ccs1031/ccs/ccs_base/msp430/lib/FR59xx" -i"C:/ti/ccs1031/ccs/tools/compiler/ti-cgt-msp430_20.2.4.LTS/lib" -i"C:/ti/ccs1031/ccs/tools/compiler/ti-cgt-msp430_20.2.4.LTS/include" --priority --reread_libs --define=_MPU_ENABLE --diag_wrap=off --display_error_number --warn_sections --xml_link_info="MPS430FR6989_C_Work_linkInfo.xml" --use_hw_mpy=F5 --rom_model -o "MPS430FR6989_C_Work.out" "./main.obj" "../lnk_msp430fr6989.cmd"  -llibmpu_init.a -llibmath.a -llibc.a 
<Linking>
warning #10420-D: For FRAM devices, at start up, the GPIO power-on default high-impedance mode needs to be disabled to activate previously configured port settings. This can be done by clearing the LOCKLPM5 bit in PM5CTL0 register.
remark #10371-D: (ULP 1.1) Detected no uses of low power mode state changing instructions
remark #10372-D: (ULP 4.1) Detected uninitialized Port A in this project. Recommend initializing all unused ports to eliminate wasted current consumption on unused pins.
remark #10372-D: (ULP 4.1) Detected uninitialized Port B in this project. Recommend initializing all unused ports to eliminate wasted current consumption on unused pins.
remark #10372-D: (ULP 4.1) Detected uninitialized Port C in this project. Recommend initializing all unused ports to eliminate wasted current consumption on unused pins.
remark #10372-D: (ULP 4.1) Detected uninitialized Port D in this project. Recommend initializing all unused ports to eliminate wasted current consumption on unused pins.
remark #10372-D: (ULP 4.1) Detected uninitialized Port E in this project. Recommend initializing all unused ports to eliminate wasted current consumption on unused pins.
Finished building target: "MPS430FR6989_C_Work.out"
 

**** Build Finished ****

**** Build of configuration Release for project MPS430FR6989_C_Work ****

"C:\\ti\\ccs1031\\ccs\\utils\\bin\\gmake" -k -j 8 all -O 
 
Building file: "../main.c"
Invoking: MSP430 Compiler
"C:/ti/ccs1031/ccs/tools/compiler/ti-cgt-msp430_20.2.4.LTS/bin/cl430" -vmspx --data_model=restricted -O2 --use_hw_mpy=F5 --include_path="C:/ti/ccs1031/ccs/ccs_base/msp430/include" --include_path="C:/Users/yinti/workspace_v10/MPS430FR6989_C_Work" --include_path="C:/ti/ccs1031/ccs/tools/compiler/ti-cgt-msp430_20.2.4.LTS/include" --advice:power=all --advice:hw_config=all --define=__MSP430FR6989__ --define=_MPU_ENABLE --printf_support=minimal --diag_warning=225 --diag_wrap=off --display_error_number --silicon_errata=CPU21 --silicon_errata=CPU22 --silicon_errata=CPU40 --preproc_with_compile --preproc_dependency="main.d_raw"  "../main.c"
"../main.c", line 10: remark #1544-D: (ULP 13.1) Detected loop counting up. Recommend loops count down as detecting zeros is easier
"../main.c", line 10: remark #1527-D: (ULP 2.1) Detected SW delay loop using empty loop. Recommend using a timer module instead
Finished building: "../main.c"
 
Building target: "MPS430FR6989_C_Work.out"
Invoking: MSP430 Linker
"C:/ti/ccs1031/ccs/tools/compiler/ti-cgt-msp430_20.2.4.LTS/bin/cl430" -vmspx --data_model=restricted -O2 --use_hw_mpy=F5 --advice:power=all --advice:hw_config=all --define=__MSP430FR6989__ --define=_MPU_ENABLE --printf_support=minimal --diag_warning=225 --diag_wrap=off --display_error_number --silicon_errata=CPU21 --silicon_errata=CPU22 --silicon_errata=CPU40 -z -m"MPS430FR6989_C_Work.map" --heap_size=160 --stack_size=160 --cinit_hold_wdt=on -i"C:/ti/ccs1031/ccs/ccs_base/msp430/include" -i"C:/ti/ccs1031/ccs/ccs_base/msp430/lib/5xx_6xx_FRxx" -i"C:/ti/ccs1031/ccs/ccs_base/msp430/lib/FR59xx" -i"C:/ti/ccs1031/ccs/tools/compiler/ti-cgt-msp430_20.2.4.LTS/lib" -i"C:/ti/ccs1031/ccs/tools/compiler/ti-cgt-msp430_20.2.4.LTS/include" --priority --reread_libs --define=_MPU_ENABLE --diag_wrap=off --display_error_number --warn_sections --xml_link_info="MPS430FR6989_C_Work_linkInfo.xml" --use_hw_mpy=F5 --rom_model -o "MPS430FR6989_C_Work.out" "./main.obj" "../lnk_msp430fr6989.cmd"  -llibmpu_init.a -llibmath.a -llibc.a 
<Linking>
warning #10420-D: For FRAM devices, at start up, the GPIO power-on default high-impedance mode needs to be disabled to activate previously configured port settings. This can be done by clearing the LOCKLPM5 bit in PM5CTL0 register.
remark #10371-D: (ULP 1.1) Detected no uses of low power mode state changing instructions
remark #10372-D: (ULP 4.1) Detected uninitialized Port A in this project. Recommend initializing all unused ports to eliminate wasted current consumption on unused pins.
remark #10372-D: (ULP 4.1) Detected uninitialized Port B in this project. Recommend initializing all unused ports to eliminate wasted current consumption on unused pins.
remark #10372-D: (ULP 4.1) Detected uninitialized Port C in this project. Recommend initializing all unused ports to eliminate wasted current consumption on unused pins.
remark #10372-D: (ULP 4.1) Detected uninitialized Port D in this project. Recommend initializing all unused ports to eliminate wasted current consumption on unused pins.
remark #10372-D: (ULP 4.1) Detected uninitialized Port E in this project. Recommend initializing all unused ports to eliminate wasted current consumption on unused pins.
Finished building target: "MPS430FR6989_C_Work.out"
 

**** Build Finished ****

**** Build of configuration Release for project MPS430FR6989_C_Work ****

"C:\\ti\\ccs1031\\ccs\\utils\\bin\\gmake" -k -j 8 all -O 
 
gmake[1]: 'MPS430FR6989_C_Work.out' is up to date.

**** Build Finished ****

**** Build of configuration Release for project MPS430FR6989_C_Work ****

"C:\\ti\\ccs1031\\ccs\\utils\\bin\\gmake" -k -j 8 all -O 
 
Building file: "../main.c"
Invoking: MSP430 Compiler
"C:/ti/ccs1031/ccs/tools/compiler/ti-cgt-msp430_20.2.4.LTS/bin/cl430" -vmspx --data_model=restricted -O2 --use_hw_mpy=F5 --include_path="C:/ti/ccs1031/ccs/ccs_base/msp430/include" --include_path="C:/Users/yinti/workspace_v10/MPS430FR6989_C_Work" --include_path="C:/ti/ccs1031/ccs/tools/compiler/ti-cgt-msp430_20.2.4.LTS/include" --advice:power=all --advice:hw_config=all --define=__MSP430FR6989__ --define=_MPU_ENABLE --printf_support=minimal --diag_warning=225 --diag_wrap=off --display_error_number --silicon_errata=CPU21 --silicon_errata=CPU22 --silicon_errata=CPU40 --preproc_with_compile --preproc_dependency="main.d_raw"  "../main.c"
"../main.c", line 10: remark #1544-D: (ULP 13.1) Detected loop counting up. Recommend loops count down as detecting zeros is easier
"../main.c", line 10: remark #1527-D: (ULP 2.1) Detected SW delay loop using empty loop. Recommend using a timer module instead
Finished building: "../main.c"
 
Building target: "MPS430FR6989_C_Work.out"
Invoking: MSP430 Linker
"C:/ti/ccs1031/ccs/tools/compiler/ti-cgt-msp430_20.2.4.LTS/bin/cl430" -vmspx --data_model=restricted -O2 --use_hw_mpy=F5 --advice:power=all --advice:hw_config=all --define=__MSP430FR6989__ --define=_MPU_ENABLE --printf_support=minimal --diag_warning=225 --diag_wrap=off --display_error_number --silicon_errata=CPU21 --silicon_errata=CPU22 --silicon_errata=CPU40 -z -m"MPS430FR6989_C_Work.map" --heap_size=160 --stack_size=160 --cinit_hold_wdt=on -i"C:/ti/ccs1031/ccs/ccs_base/msp430/include" -i"C:/ti/ccs1031/ccs/ccs_base/msp430/lib/5xx_6xx_FRxx" -i"C:/ti/ccs1031/ccs/ccs_base/msp430/lib/FR59xx" -i"C:/ti/ccs1031/ccs/tools/compiler/ti-cgt-msp430_20.2.4.LTS/lib" -i"C:/ti/ccs1031/ccs/tools/compiler/ti-cgt-msp430_20.2.4.LTS/include" --priority --reread_libs --define=_MPU_ENABLE --diag_wrap=off --display_error_number --warn_sections --xml_link_info="MPS430FR6989_C_Work_linkInfo.xml" --use_hw_mpy=F5 --rom_model -o "MPS430FR6989_C_Work.out" "./main.obj" "../lnk_msp430fr6989.cmd"  -llibmpu_init.a -llibmath.a -llibc.a 
<Linking>
warning #10420-D: For FRAM devices, at start up, the GPIO power-on default high-impedance mode needs to be disabled to activate previously configured port settings. This can be done by clearing the LOCKLPM5 bit in PM5CTL0 register.
remark #10371-D: (ULP 1.1) Detected no uses of low power mode state changing instructions
remark #10372-D: (ULP 4.1) Detected uninitialized Port A in this project. Recommend initializing all unused ports to eliminate wasted current consumption on unused pins.
remark #10372-D: (ULP 4.1) Detected uninitialized Port B in this project. Recommend initializing all unused ports to eliminate wasted current consumption on unused pins.
remark #10372-D: (ULP 4.1) Detected uninitialized Port C in this project. Recommend initializing all unused ports to eliminate wasted current consumption on unused pins.
remark #10372-D: (ULP 4.1) Detected uninitialized Port D in this project. Recommend initializing all unused ports to eliminate wasted current consumption on unused pins.
remark #10372-D: (ULP 4.1) Detected uninitialized Port E in this project. Recommend initializing all unused ports to eliminate wasted current consumption on unused pins.
Finished building target: "MPS430FR6989_C_Work.out"
 

**** Build Finished ****

**** Build of configuration Release for project MPS430FR6989_C_Work ****

"C:\\ti\\ccs1031\\ccs\\utils\\bin\\gmake" -k -j 8 all -O 
 
gmake[1]: 'MPS430FR6989_C_Work.out' is up to date.

**** Build Finished ****

**** Build of configuration Release for project MPS430FR6989_C_Work ****

"C:\\ti\\ccs1031\\ccs\\utils\\bin\\gmake" -k -j 8 all -O 
 
Building file: "../main.c"
Invoking: MSP430 Compiler
"C:/ti/ccs1031/ccs/tools/compiler/ti-cgt-msp430_20.2.4.LTS/bin/cl430" -vmspx --data_model=restricted -O2 --use_hw_mpy=F5 --include_path="C:/ti/ccs1031/ccs/ccs_base/msp430/include" --include_path="C:/Users/yinti/workspace_v10/MPS430FR6989_C_Work" --include_path="C:/ti/ccs1031/ccs/tools/compiler/ti-cgt-msp430_20.2.4.LTS/include" --advice:power=all --advice:hw_config=all --define=__MSP430FR6989__ --define=_MPU_ENABLE --printf_support=minimal --diag_warning=225 --diag_wrap=off --display_error_number --silicon_errata=CPU21 --silicon_errata=CPU22 --silicon_errata=CPU40 --preproc_with_compile --preproc_dependency="main.d_raw"  "../main.c"
"../main.c", line 10: remark #1544-D: (ULP 13.1) Detected loop counting up. Recommend loops count down as detecting zeros is easier
"../main.c", line 10: remark #1527-D: (ULP 2.1) Detected SW delay loop using empty loop. Recommend using a timer module instead
Finished building: "../main.c"
 
Building target: "MPS430FR6989_C_Work.out"
Invoking: MSP430 Linker
"C:/ti/ccs1031/ccs/tools/compiler/ti-cgt-msp430_20.2.4.LTS/bin/cl430" -vmspx --data_model=restricted -O2 --use_hw_mpy=F5 --advice:power=all --advice:hw_config=all --define=__MSP430FR6989__ --define=_MPU_ENABLE --printf_support=minimal --diag_warning=225 --diag_wrap=off --display_error_number --silicon_errata=CPU21 --silicon_errata=CPU22 --silicon_errata=CPU40 -z -m"MPS430FR6989_C_Work.map" --heap_size=160 --stack_size=160 --cinit_hold_wdt=on -i"C:/ti/ccs1031/ccs/ccs_base/msp430/include" -i"C:/ti/ccs1031/ccs/ccs_base/msp430/lib/5xx_6xx_FRxx" -i"C:/ti/ccs1031/ccs/ccs_base/msp430/lib/FR59xx" -i"C:/ti/ccs1031/ccs/tools/compiler/ti-cgt-msp430_20.2.4.LTS/lib" -i"C:/ti/ccs1031/ccs/tools/compiler/ti-cgt-msp430_20.2.4.LTS/include" --priority --reread_libs --define=_MPU_ENABLE --diag_wrap=off --display_error_number --warn_sections --xml_link_info="MPS430FR6989_C_Work_linkInfo.xml" --use_hw_mpy=F5 --rom_model -o "MPS430FR6989_C_Work.out" "./main.obj" "../lnk_msp430fr6989.cmd"  -llibmpu_init.a -llibmath.a -llibc.a 
<Linking>
warning #10420-D: For FRAM devices, at start up, the GPIO power-on default high-impedance mode needs to be disabled to activate previously configured port settings. This can be done by clearing the LOCKLPM5 bit in PM5CTL0 register.
remark #10371-D: (ULP 1.1) Detected no uses of low power mode state changing instructions
remark #10372-D: (ULP 4.1) Detected uninitialized Port A in this project. Recommend initializing all unused ports to eliminate wasted current consumption on unused pins.
remark #10372-D: (ULP 4.1) Detected uninitialized Port B in this project. Recommend initializing all unused ports to eliminate wasted current consumption on unused pins.
remark #10372-D: (ULP 4.1) Detected uninitialized Port C in this project. Recommend initializing all unused ports to eliminate wasted current consumption on unused pins.
remark #10372-D: (ULP 4.1) Detected uninitialized Port D in this project. Recommend initializing all unused ports to eliminate wasted current consumption on unused pins.
remark #10372-D: (ULP 4.1) Detected uninitialized Port E in this project. Recommend initializing all unused ports to eliminate wasted current consumption on unused pins.
Finished building target: "MPS430FR6989_C_Work.out"
 

**** Build Finished ****

**** Build of configuration Release for project MPS430FR6989_C_Work ****

"C:\\ti\\ccs1031\\ccs\\utils\\bin\\gmake" -k -j 8 all -O 
 
gmake[1]: 'MPS430FR6989_C_Work.out' is up to date.

**** Build Finished ****

**** Build of configuration Release for project MPS430FR6989_C_Work ****

"C:\\ti\\ccs1031\\ccs\\utils\\bin\\gmake" -k -j 8 all -O 
 
Building file: "../main.c"
Invoking: MSP430 Compiler
"C:/ti/ccs1031/ccs/tools/compiler/ti-cgt-msp430_20.2.4.LTS/bin/cl430" -vmspx --data_model=restricted -O2 --use_hw_mpy=F5 --include_path="C:/ti/ccs1031/ccs/ccs_base/msp430/include" --include_path="C:/Users/yinti/workspace_v10/MPS430FR6989_C_Work" --include_path="C:/ti/ccs1031/ccs/tools/compiler/ti-cgt-msp430_20.2.4.LTS/include" --advice:power=all --advice:hw_config=all --define=__MSP430FR6989__ --define=_MPU_ENABLE --printf_support=minimal --diag_warning=225 --diag_wrap=off --display_error_number --silicon_errata=CPU21 --silicon_errata=CPU22 --silicon_errata=CPU40 --preproc_with_compile --preproc_dependency="main.d_raw"  "../main.c"
"../main.c", line 14: remark #1544-D: (ULP 13.1) Detected loop counting up. Recommend loops count down as detecting zeros is easier
"../main.c", line 14: remark #1527-D: (ULP 2.1) Detected SW delay loop using empty loop. Recommend using a timer module instead
"../main.c", line 19: remark #1544-D: (ULP 13.1) Detected loop counting up. Recommend loops count down as detecting zeros is easier
"../main.c", line 19: remark #1527-D: (ULP 2.1) Detected SW delay loop using empty loop. Recommend using a timer module instead
Finished building: "../main.c"
 
Building target: "MPS430FR6989_C_Work.out"
Invoking: MSP430 Linker
"C:/ti/ccs1031/ccs/tools/compiler/ti-cgt-msp430_20.2.4.LTS/bin/cl430" -vmspx --data_model=restricted -O2 --use_hw_mpy=F5 --advice:power=all --advice:hw_config=all --define=__MSP430FR6989__ --define=_MPU_ENABLE --printf_support=minimal --diag_warning=225 --diag_wrap=off --display_error_number --silicon_errata=CPU21 --silicon_errata=CPU22 --silicon_errata=CPU40 -z -m"MPS430FR6989_C_Work.map" --heap_size=160 --stack_size=160 --cinit_hold_wdt=on -i"C:/ti/ccs1031/ccs/ccs_base/msp430/include" -i"C:/ti/ccs1031/ccs/ccs_base/msp430/lib/5xx_6xx_FRxx" -i"C:/ti/ccs1031/ccs/ccs_base/msp430/lib/FR59xx" -i"C:/ti/ccs1031/ccs/tools/compiler/ti-cgt-msp430_20.2.4.LTS/lib" -i"C:/ti/ccs1031/ccs/tools/compiler/ti-cgt-msp430_20.2.4.LTS/include" --priority --reread_libs --define=_MPU_ENABLE --diag_wrap=off --display_error_number --warn_sections --xml_link_info="MPS430FR6989_C_Work_linkInfo.xml" --use_hw_mpy=F5 --rom_model -o "MPS430FR6989_C_Work.out" "./main.obj" "../lnk_msp430fr6989.cmd"  -llibmpu_init.a -llibmath.a -llibc.a 
<Linking>
remark #10371-D: (ULP 1.1) Detected no uses of low power mode state changing instructions
warning #10420-D: For FRAM devices, at start up, the GPIO power-on default high-impedance mode needs to be disabled to activate previously configured port settings. This can be done by clearing the LOCKLPM5 bit in PM5CTL0 register.
remark #10372-D: (ULP 4.1) Detected uninitialized Port A in this project. Recommend initializing all unused ports to eliminate wasted current consumption on unused pins.
remark #10372-D: (ULP 4.1) Detected uninitialized Port B in this project. Recommend initializing all unused ports to eliminate wasted current consumption on unused pins.
remark #10372-D: (ULP 4.1) Detected uninitialized Port C in this project. Recommend initializing all unused ports to eliminate wasted current consumption on unused pins.
remark #10372-D: (ULP 4.1) Detected uninitialized Port D in this project. Recommend initializing all unused ports to eliminate wasted current consumption on unused pins.
remark #10372-D: (ULP 4.1) Detected uninitialized Port E in this project. Recommend initializing all unused ports to eliminate wasted current consumption on unused pins.
Finished building target: "MPS430FR6989_C_Work.out"
 

**** Build Finished ****

**** Build of configuration Release for project MPS430FR6989_C_Work ****

"C:\\ti\\ccs1031\\ccs\\utils\\bin\\gmake" -k -j 8 all -O 
 
gmake[1]: 'MPS430FR6989_C_Work.out' is up to date.

**** Build Finished ****
